<?xml version="1.0" encoding="UTF-8"?>
<!-- Generated by org.testng.reporters.JUnitReportReporter -->
<testsuite hostname="DESKTOP-6SPJP44" failures="0" tests="1" name="SelniumPractice.WebAutomation.mainTestClass" time="18.471" errors="0" timestamp="2021-01-20T19:33:05 IST" skipped="0">
  <testcase classname="SelniumPractice.WebAutomation.mainTestClass" name="firstTest" time="18.471"/>
  <system-out/>
</testsuite> <!-- SelniumPractice.WebAutomation.mainTestClass -->
